c:\users\hideyo\source\repos\6046_media\6046_project2\6046_project2\x64\release\vc143.pdb
c:\users\hideyo\source\repos\6046_media\6046_project2\6046_project2\x64\release\cxml.obj
c:\users\hideyo\source\repos\6046_media\6046_project2\6046_project2\x64\release\cvaomanager.obj
c:\users\hideyo\source\repos\6046_media\6046_project2\6046_project2\x64\release\cmodeldrawinfo.obj
c:\users\hideyo\source\repos\6046_media\6046_project2\6046_project2\x64\release\cshaderprogram.obj
c:\users\hideyo\source\repos\6046_media\6046_project2\6046_project2\x64\release\cshadermanager.obj
c:\users\hideyo\source\repos\6046_media\6046_project2\6046_project2\x64\release\cshader.obj
c:\users\hideyo\source\repos\6046_media\6046_project2\6046_project2\x64\release\cmeshobj.obj
c:\users\hideyo\source\repos\6046_media\6046_project2\6046_project2\x64\release\main.obj
c:\users\hideyo\source\repos\6046_media\6046_project2\6046_project2\x64\release\clightmanager.obj
c:\users\hideyo\source\repos\6046_media\6046_project2\6046_project2\x64\release\clight.obj
c:\users\hideyo\source\repos\6046_media\6046_project2\6046_project2\x64\release\cgui.obj
c:\users\hideyo\source\repos\6046_media\6046_project2\6046_project2\x64\release\imgui_widgets.obj
c:\users\hideyo\source\repos\6046_media\6046_project2\6046_project2\x64\release\imgui_tables.obj
c:\users\hideyo\source\repos\6046_media\6046_project2\6046_project2\x64\release\imgui_impl_opengl3.obj
c:\users\hideyo\source\repos\6046_media\6046_project2\6046_project2\x64\release\imgui_impl_glfw.obj
c:\users\hideyo\source\repos\6046_media\6046_project2\6046_project2\x64\release\imgui_draw.obj
c:\users\hideyo\source\repos\6046_media\6046_project2\6046_project2\x64\release\imgui_demo.obj
c:\users\hideyo\source\repos\6046_media\6046_project2\6046_project2\x64\release\imgui.obj
c:\users\hideyo\source\repos\6046_media\6046_project2\6046_project2\x64\release\glad.obj
c:\users\hideyo\source\repos\6046_media\6046_project2\6046_project2\x64\release\sound_ui.obj
c:\users\hideyo\source\repos\6046_media\6046_project2\6046_project2\x64\release\fmodmanager.obj
c:\users\hideyo\source\repos\6046_media\6046_project2\x64\release\6046_project2.exe
c:\users\hideyo\source\repos\6046_media\6046_project2\6046_project2\x64\release\6046_project2.ipdb
c:\users\hideyo\source\repos\6046_media\6046_project2\x64\release\6046_project2.pdb
c:\users\hideyo\source\repos\6046_media\6046_project2\6046_project2\x64\release\6046_project2.iobj
c:\users\hideyo\source\repos\6046_media\6046_project2\6046_project2\x64\release\6046_project2.tlog\cl.command.1.tlog
c:\users\hideyo\source\repos\6046_media\6046_project2\6046_project2\x64\release\6046_project2.tlog\cl.read.1.tlog
c:\users\hideyo\source\repos\6046_media\6046_project2\6046_project2\x64\release\6046_project2.tlog\cl.write.1.tlog
c:\users\hideyo\source\repos\6046_media\6046_project2\6046_project2\x64\release\6046_project2.tlog\link.command.1.tlog
c:\users\hideyo\source\repos\6046_media\6046_project2\6046_project2\x64\release\6046_project2.tlog\link.read.1.tlog
c:\users\hideyo\source\repos\6046_media\6046_project2\6046_project2\x64\release\6046_project2.tlog\link.write.1.tlog
