c:\users\hideyo\source\repos\6046_media\6046_project2\6046_project2\x64\debug\vc143.pdb
c:\users\hideyo\source\repos\6046_media\6046_project2\6046_project2\x64\debug\vc143.idb
c:\users\hideyo\source\repos\6046_media\6046_project2\6046_project2\x64\debug\cxml.obj
c:\users\hideyo\source\repos\6046_media\6046_project2\6046_project2\x64\debug\cvaomanager.obj
c:\users\hideyo\source\repos\6046_media\6046_project2\6046_project2\x64\debug\cmodeldrawinfo.obj
c:\users\hideyo\source\repos\6046_media\6046_project2\6046_project2\x64\debug\cshaderprogram.obj
c:\users\hideyo\source\repos\6046_media\6046_project2\6046_project2\x64\debug\cshadermanager.obj
c:\users\hideyo\source\repos\6046_media\6046_project2\6046_project2\x64\debug\cshader.obj
c:\users\hideyo\source\repos\6046_media\6046_project2\6046_project2\x64\debug\cmeshobj.obj
c:\users\hideyo\source\repos\6046_media\6046_project2\6046_project2\x64\debug\main.obj
c:\users\hideyo\source\repos\6046_media\6046_project2\6046_project2\x64\debug\clightmanager.obj
c:\users\hideyo\source\repos\6046_media\6046_project2\6046_project2\x64\debug\clight.obj
c:\users\hideyo\source\repos\6046_media\6046_project2\6046_project2\x64\debug\cgui.obj
c:\users\hideyo\source\repos\6046_media\6046_project2\6046_project2\x64\debug\sound_ui.obj
c:\users\hideyo\source\repos\6046_media\6046_project2\6046_project2\x64\debug\fmodmanager.obj
c:\users\hideyo\source\repos\6046_media\6046_project2\6046_project2\x64\debug\imgui_widgets.obj
c:\users\hideyo\source\repos\6046_media\6046_project2\6046_project2\x64\debug\imgui_tables.obj
c:\users\hideyo\source\repos\6046_media\6046_project2\6046_project2\x64\debug\imgui_impl_opengl3.obj
c:\users\hideyo\source\repos\6046_media\6046_project2\6046_project2\x64\debug\imgui_impl_glfw.obj
c:\users\hideyo\source\repos\6046_media\6046_project2\6046_project2\x64\debug\imgui_draw.obj
c:\users\hideyo\source\repos\6046_media\6046_project2\6046_project2\x64\debug\imgui_demo.obj
c:\users\hideyo\source\repos\6046_media\6046_project2\6046_project2\x64\debug\imgui.obj
c:\users\hideyo\source\repos\6046_media\6046_project2\6046_project2\x64\debug\glad.obj
c:\users\hideyo\source\repos\6046_media\6046_project2\6046_project2\x64\debug\6046_project2.ilk
c:\users\hideyo\source\repos\6046_media\6046_project2\x64\debug\6046_project2.exe
c:\users\hideyo\source\repos\6046_media\6046_project2\x64\debug\6046_project2.pdb
c:\users\hideyo\source\repos\6046_media\6046_project2\6046_project2\x64\debug\6046_project2.tlog\cl.command.1.tlog
c:\users\hideyo\source\repos\6046_media\6046_project2\6046_project2\x64\debug\6046_project2.tlog\cl.read.1.tlog
c:\users\hideyo\source\repos\6046_media\6046_project2\6046_project2\x64\debug\6046_project2.tlog\cl.write.1.tlog
c:\users\hideyo\source\repos\6046_media\6046_project2\6046_project2\x64\debug\6046_project2.tlog\link.command.1.tlog
c:\users\hideyo\source\repos\6046_media\6046_project2\6046_project2\x64\debug\6046_project2.tlog\link.read.1.tlog
c:\users\hideyo\source\repos\6046_media\6046_project2\6046_project2\x64\debug\6046_project2.tlog\link.write.1.tlog
